Timestamp: 10-08-2015 17:00:24
Message: Validation - parameters for ProductQuery - CartID: 67402b33-493f-e511-8a70-00155d6123c5 | Departure: PMI | Arrival: HAM | Time: 08/16/2015 06:05:00 | FligtOperator: 00000000-0000-0000-0000-000000000004 | ProductId: 6807 | Currency: EUR
Category: Information
Machine: DK-AP-CPHBTC5
App Domain: Shoppingcart.ServiceHost.exe
ProcessId: 35688
Process Name: C:\Program Files\Thomas Cook Airlines\ShoppingcartService\Shoppingcart.ServiceHost.exe
Thread Name: 
Win32 ThreadId: 33236
Extended Properties: typeNamespace - Shoppingcart.Logic.ShoppingcartLogic
typeName - CartValidation
typeMemberName - GetProductQuery
threadPrincipal - 
processUser - DK\svcShoppingcartProd

Timestamp: 10-08-2015 17:00:24
Message: Validation - parameters for ProductQuery - CartID: 67402b33-493f-e511-8a70-00155d6123c5 | Departure: PMI | Arrival: HAM | Time: 08/16/2015 06:05:00 | FligtOperator: 00000000-0000-0000-0000-000000000004 | ProductId: 4705 | Currency: EUR
Category: Information
Machine: DK-AP-CPHBTC5
App Domain: Shoppingcart.ServiceHost.exe
ProcessId: 35688
Process Name: C:\Program Files\Thomas Cook Airlines\ShoppingcartService\Shoppingcart.ServiceHost.exe
Thread Name: 
Win32 ThreadId: 33236
Extended Properties: typeNamespace - Shoppingcart.Logic.ShoppingcartLogic
typeName - CartValidation
typeMemberName - GetProductQuery
threadPrincipal - 
processUser - DK\svcShoppingcartProd

Timestamp: 10-08-2015 17:00:24
Message: Validation - parameters for ProductQuery - CartID: 67402b33-493f-e511-8a70-00155d6123c5 | Departure: PMI | Arrival: HAM | Time: 08/16/2015 06:05:00 | FligtOperator: 00000000-0000-0000-0000-000000000004 | ProductId: 4899 | Currency: EUR
Category: Information
Machine: DK-AP-CPHBTC5
App Domain: Shoppingcart.ServiceHost.exe
ProcessId: 35688
Process Name: C:\Program Files\Thomas Cook Airlines\ShoppingcartService\Shoppingcart.ServiceHost.exe
Thread Name: 
Win32 ThreadId: 33236
Extended Properties: typeNamespace - Shoppingcart.Logic.ShoppingcartLogic
typeName - CartValidation
typeMemberName - GetProductQuery
threadPrincipal - 
processUser - DK\svcShoppingcartProd

Timestamp: 10-08-2015 17:00:24
Message: Skipping cart because it's Condor and PaymentType is none 67402b33-493f-e511-8a70-00155d6123c5
Category: Information
Machine: DK-AP-CPHBTC5
App Domain: Shoppingcart.ServiceHost.exe
ProcessId: 35688
Process Name: C:\Program Files\Thomas Cook Airlines\ShoppingcartService\Shoppingcart.ServiceHost.exe
Thread Name: 
Win32 ThreadId: 33236
Extended Properties: typeNamespace - Shoppingcart.Logic.ShoppingcartLogic
typeName - CartValidation
typeMemberName - ValidateCart
threadPrincipal - 
processUser - DK\svcShoppingcartProd

Timestamp: 01-05-2016 10:53:32
Message: Cannot add a line when cart is archived
Category: Error
Machine: DK-AP-CPHBTC5
App Domain: Shoppingcart.ServiceHost.exe
ProcessId: 17744
Process Name: C:\Program Files\Thomas Cook Airlines\ShoppingcartService\Shoppingcart.ServiceHost.exe
Thread Name: Rebus 1 worker 1
Win32 ThreadId: 9068
Extended Properties: exception - System.InvalidOperationException: Cannot add a line when cart is archived
   at Shoppingcart.Logic.ShoppingcartLogic.State.ArchivedCartState.AddLine(ShoppingcartLine line, ICollection`1 lines)
   at Shoppingcart.Logic.ShoppingcartLogic.BaseShoppingcart.AddLine(ShoppingcartLine line)
   at Shoppingcart.Logic.ShoppingcartLogic.ShoppingcartFlightOperatorTcas.ReceivePaymentAuthorization(Decimal amount, String transactionId, String comment, DibsPrepaymentStatus status)
   at Shoppingcart.Logic.ShoppingcartLogic.BaseShoppingcart.ReceivePaymentAuthorization(Decimal amount, String transactionId, String comment, DibsPrepaymentStatus status)
   at Shoppingcart.Logic.RebusEventHandlers.Payment.AuthorizationCompletedEventHandler.Handle(AuthorizationCompleted message)
correlationId - 5edadd15-b4ef-40ed-a67e-59d65d53e09a
typeNamespace - Shoppingcart.Logic.RebusEventHandlers.Payment
typeName - AuthorizationCompletedEventHandler
typeMemberName - Handle
threadPrincipal - 
processUser - DK\svcShoppingcartProd

